vitamio/build/outputs/logs/manifest-merger-debug-report.txt
-- Merging decision tree log ---
manifest
ADDED from ardrone2\vitamio\AndroidManifest.xml:1:1-25:12
INJECTED from ardrone2\vitamio\AndroidManifest.xml:1:1-25:12
INJECTED from ardrone2\vitamio\AndroidManifest.xml:1:1-25:12
INJECTED from ardrone2\vitamio\AndroidManifest.xml:1:1-25:12
INJECTED from ardrone2\vitamio\AndroidManifest.xml:1:1-25:12
INJECTED from ardrone2\vitamio\AndroidManifest.xml:1:1-25:12
INJECTED from ardrone2\vitamio\AndroidManifest.xml:1:1-25:12
	package
		ADDED from ardrone2\vitamio\AndroidManifest.xml:2:11-35
		INJECTED from ardrone2\vitamio\AndroidManifest.xml
		INJECTED from ardrone2\vitamio\AndroidManifest.xml
	android:versionName
		ADDED from ardrone2\vitamio\AndroidManifest.xml:4:11-36
		INJECTED from ardrone2\vitamio\AndroidManifest.xml
		INJECTED from ardrone2\vitamio\AndroidManifest.xml
	xmlns:android
		ADDED from ardrone2\vitamio\AndroidManifest.xml:1:11-69
	android:versionCode
		ADDED from ardrone2\vitamio\AndroidManifest.xml:3:11-36
		INJECTED from ardrone2\vitamio\AndroidManifest.xml
		INJECTED from ardrone2\vitamio\AndroidManifest.xml
uses-sdk
ADDED from ardrone2\vitamio\AndroidManifest.xml:6:5-8:44
INJECTED from ardrone2\vitamio\AndroidManifest.xml:6:5-8:44
INJECTED from ardrone2\vitamio\AndroidManifest.xml:6:5-8:44
INJECTED from ardrone2\vitamio\AndroidManifest.xml:6:5-8:44
INJECTED from ardrone2\vitamio\AndroidManifest.xml:6:5-8:44
	android:targetSdkVersion
		ADDED from ardrone2\vitamio\AndroidManifest.xml:8:13-42
		INJECTED from ardrone2\vitamio\AndroidManifest.xml
		INJECTED from ardrone2\vitamio\AndroidManifest.xml
	android:minSdkVersion
		ADDED from ardrone2\vitamio\AndroidManifest.xml:7:13-38
		INJECTED from ardrone2\vitamio\AndroidManifest.xml
		INJECTED from ardrone2\vitamio\AndroidManifest.xml
uses-permission#android.permission.WAKE_LOCK
ADDED from ardrone2\vitamio\AndroidManifest.xml:10:5-68
	android:name
		ADDED from ardrone2\vitamio\AndroidManifest.xml:10:22-65
uses-permission#android.permission.INTERNET
ADDED from ardrone2\vitamio\AndroidManifest.xml:11:5-67
	android:name
		ADDED from ardrone2\vitamio\AndroidManifest.xml:11:22-64
uses-permission#android.permission.ACCESS_NETWORK_STATE
ADDED from ardrone2\vitamio\AndroidManifest.xml:12:5-79
	android:name
		ADDED from ardrone2\vitamio\AndroidManifest.xml:12:22-76
application
ADDED from ardrone2\vitamio\AndroidManifest.xml:14:5-23:19
	android:label
		ADDED from ardrone2\vitamio\AndroidManifest.xml:16:13-36
	android:icon
		ADDED from ardrone2\vitamio\AndroidManifest.xml:15:13-49
activity#io.vov.vitamio.activity.InitActivity
ADDED from ardrone2\vitamio\AndroidManifest.xml:17:9-22:66
	android:launchMode
		ADDED from ardrone2\vitamio\AndroidManifest.xml:20:17-47
	android:windowSoftInputMode
		ADDED from ardrone2\vitamio\AndroidManifest.xml:22:17-64
	android:configChanges
		ADDED from ardrone2\vitamio\AndroidManifest.xml:19:17-117
	android:theme
		ADDED from ardrone2\vitamio\AndroidManifest.xml:21:17-64
	android:name
		ADDED from ardrone2\vitamio\AndroidManifest.xml:18:17-68